<?xml version="1.0" encoding="UTF-8"?>
<!-- Generated by org.testng.reporters.JUnitXMLReporter -->
<testsuite hostname="DTDVD1700735PR" ignored="0" name="Default test" tests="3" failures="0" timestamp="09 Jan 2020 05:06:49 GMT" time="0.814" errors="0">
  <testcase name="FailedMaethod" time="0.001" classname="practice.ExtentReportsPract"/>
  <testcase name="skipmetod" time="0.0" classname="practice.ExtentReportsPract"/>
  <testcase name="testMethod" time="0.0" classname="practice.ExtentReportsPract"/>
</testsuite> <!-- Default test -->
