<?xml version="1.0" encoding="UTF-8"?>
<testng-results skipped="0" failed="0" ignored="0" total="1" passed="1">
  <reporter-output>
  </reporter-output>
  <suite name="Default suite" duration-ms="78" started-at="2020-01-08T07:21:25Z" finished-at="2020-01-08T07:21:25Z">
    <groups>
    </groups>
    <test name="Default test" duration-ms="78" started-at="2020-01-08T07:21:25Z" finished-at="2020-01-08T07:21:25Z">
      <class name="practice.TestClass">
        <test-method status="PASS" signature="method()[pri:0, instance:practice.TestClass@1d057a39]" name="method" duration-ms="16" started-at="2020-01-08T07:21:25Z" finished-at="2020-01-08T07:21:25Z">
          <reporter-output>
          </reporter-output>
        </test-method> <!-- method -->
      </class> <!-- practice.TestClass -->
    </test> <!-- Default test -->
  </suite> <!-- Default suite -->
</testng-results>
