<?xml version="1.0" encoding="UTF-8"?>
<testng-results skipped="0" failed="0" ignored="0" total="3" passed="3">
  <reporter-output>
  </reporter-output>
  <suite name="Default suite" duration-ms="814" started-at="2020-01-09T05:06:48Z" finished-at="2020-01-09T05:06:49Z">
    <groups>
    </groups>
    <test name="Default test" duration-ms="814" started-at="2020-01-09T05:06:48Z" finished-at="2020-01-09T05:06:49Z">
      <class name="practice.ExtentReportsPract">
        <test-method status="PASS" signature="beforeSetup()[pri:0, instance:practice.ExtentReportsPract@685cb137]" name="beforeSetup" is-config="true" duration-ms="234" started-at="2020-01-09T05:06:48Z" finished-at="2020-01-09T05:06:48Z">
          <reporter-output>
          </reporter-output>
        </test-method> <!-- beforeSetup -->
        <test-method status="PASS" signature="FailedMaethod()[pri:0, instance:practice.ExtentReportsPract@685cb137]" name="FailedMaethod" duration-ms="1" started-at="2020-01-09T05:06:48Z" finished-at="2020-01-09T05:06:48Z">
          <reporter-output>
          </reporter-output>
        </test-method> <!-- FailedMaethod -->
        <test-method status="PASS" signature="tearsetup()[pri:0, instance:practice.ExtentReportsPract@685cb137]" name="tearsetup" is-config="true" duration-ms="546" started-at="2020-01-09T05:06:48Z" finished-at="2020-01-09T05:06:49Z">
          <reporter-output>
          </reporter-output>
        </test-method> <!-- tearsetup -->
        <test-method status="PASS" signature="testMethod()[pri:0, instance:practice.ExtentReportsPract@685cb137]" name="testMethod" duration-ms="0" started-at="2020-01-09T05:06:48Z" finished-at="2020-01-09T05:06:48Z">
          <reporter-output>
          </reporter-output>
        </test-method> <!-- testMethod -->
        <test-method status="PASS" signature="skipmetod()[pri:0, instance:practice.ExtentReportsPract@685cb137]" name="skipmetod" duration-ms="0" started-at="2020-01-09T05:06:48Z" finished-at="2020-01-09T05:06:48Z">
          <reporter-output>
          </reporter-output>
        </test-method> <!-- skipmetod -->
      </class> <!-- practice.ExtentReportsPract -->
    </test> <!-- Default test -->
  </suite> <!-- Default suite -->
</testng-results>
